<?xml version="1.0" encoding="UTF-8"?>
<testng-results ignored="0" total="5" passed="5" failed="0" skipped="0">
  <reporter-output>
  </reporter-output>
  <suite started-at="2024-08-22T20:17:33 IST" name="Sanity Suite" finished-at="2024-08-22T20:17:44 IST" duration-ms="10975">
    <groups>
    </groups>
    <test started-at="2024-08-22T20:17:33 IST" name="Register Demo Flow" finished-at="2024-08-22T20:17:44 IST" duration-ms="10975">
      <class name="com.qaautomation.registerdemo.RegisterDemoFlow">
        <test-method signature="launchApplication()[pri:1, instance:com.qaautomation.registerdemo.RegisterDemoFlow@1e802ef9]" started-at="2024-08-22T20:17:33 IST" name="launchApplication" finished-at="2024-08-22T20:17:39 IST" duration-ms="5930" status="PASS">
          <reporter-output>
          </reporter-output>
        </test-method> <!-- launchApplication -->
        <test-method signature="navigateToRegisterDemoPage()[pri:2, instance:com.qaautomation.registerdemo.RegisterDemoFlow@1e802ef9]" started-at="2024-08-22T20:17:39 IST" name="navigateToRegisterDemoPage" finished-at="2024-08-22T20:17:40 IST" duration-ms="1392" status="PASS">
          <reporter-output>
          </reporter-output>
        </test-method> <!-- navigateToRegisterDemoPage -->
        <test-method signature="registerDemo()[pri:3, instance:com.qaautomation.registerdemo.RegisterDemoFlow@1e802ef9]" started-at="2024-08-22T20:17:40 IST" name="registerDemo" finished-at="2024-08-22T20:17:44 IST" duration-ms="3365" status="PASS">
          <reporter-output>
          </reporter-output>
        </test-method> <!-- registerDemo -->
        <test-method signature="validateSuccessfulMessage()[pri:4, instance:com.qaautomation.registerdemo.RegisterDemoFlow@1e802ef9]" started-at="2024-08-22T20:17:44 IST" name="validateSuccessfulMessage" finished-at="2024-08-22T20:17:44 IST" duration-ms="49" status="PASS">
          <reporter-output>
          </reporter-output>
        </test-method> <!-- validateSuccessfulMessage -->
        <test-method signature="closeApplication()[pri:5, instance:com.qaautomation.registerdemo.RegisterDemoFlow@1e802ef9]" started-at="2024-08-22T20:17:44 IST" name="closeApplication" finished-at="2024-08-22T20:17:44 IST" duration-ms="175" status="PASS">
          <reporter-output>
          </reporter-output>
        </test-method> <!-- closeApplication -->
      </class> <!-- com.qaautomation.registerdemo.RegisterDemoFlow -->
    </test> <!-- Register Demo Flow -->
  </suite> <!-- Sanity Suite -->
</testng-results>
